c:\users\tnest\onedrive\바탕 화면\쥬신\디폴트윈도우\defaultwindow\x64\debug\defaultwindow.pch
c:\users\tnest\onedrive\바탕 화면\쥬신\디폴트윈도우\defaultwindow\x64\debug\vc143.pdb
c:\users\tnest\onedrive\바탕 화면\쥬신\디폴트윈도우\defaultwindow\x64\debug\vc143.idb
c:\users\tnest\onedrive\바탕 화면\쥬신\디폴트윈도우\defaultwindow\x64\debug\pch.obj
c:\users\tnest\onedrive\바탕 화면\쥬신\디폴트윈도우\defaultwindow\x64\debug\cmonster.obj
c:\users\tnest\onedrive\바탕 화면\쥬신\디폴트윈도우\defaultwindow\x64\debug\cmaingame.obj
c:\users\tnest\onedrive\바탕 화면\쥬신\디폴트윈도우\defaultwindow\x64\debug\defaultwindow.obj
c:\users\tnest\onedrive\바탕 화면\쥬신\디폴트윈도우\defaultwindow\x64\debug\cplayer.obj
c:\users\tnest\onedrive\바탕 화면\쥬신\디폴트윈도우\defaultwindow\x64\debug\cobj.obj
c:\users\tnest\onedrive\바탕 화면\쥬신\디폴트윈도우\defaultwindow\x64\debug\cbullet.obj
c:\users\tnest\onedrive\바탕 화면\쥬신\디폴트윈도우\defaultwindow\x64\debug\cabstractfactory.obj
c:\users\tnest\onedrive\바탕 화면\쥬신\디폴트윈도우\defaultwindow\x64\debug\ccollisionmgr.obj
c:\users\tnest\onedrive\바탕 화면\쥬신\디폴트윈도우\x64\debug\defaultwindow.exe
c:\users\tnest\onedrive\바탕 화면\쥬신\디폴트윈도우\x64\debug\defaultwindow.pdb
c:\users\tnest\onedrive\바탕 화면\쥬신\디폴트윈도우\defaultwindow\x64\debug\defaultwindow.res
c:\users\tnest\onedrive\바탕 화면\쥬신\디폴트윈도우\defaultwindow\x64\debug\defaultwindow.ilk
c:\users\tnest\onedrive\바탕 화면\쥬신\디폴트윈도우\defaultwindow\x64\debug\defaultwindow.tlog\cl.command.1.tlog
c:\users\tnest\onedrive\바탕 화면\쥬신\디폴트윈도우\defaultwindow\x64\debug\defaultwindow.tlog\cl.items.tlog
c:\users\tnest\onedrive\바탕 화면\쥬신\디폴트윈도우\defaultwindow\x64\debug\defaultwindow.tlog\cl.read.1.tlog
c:\users\tnest\onedrive\바탕 화면\쥬신\디폴트윈도우\defaultwindow\x64\debug\defaultwindow.tlog\cl.write.1.tlog
c:\users\tnest\onedrive\바탕 화면\쥬신\디폴트윈도우\defaultwindow\x64\debug\defaultwindow.tlog\link.command.1.tlog
c:\users\tnest\onedrive\바탕 화면\쥬신\디폴트윈도우\defaultwindow\x64\debug\defaultwindow.tlog\link.read.1.tlog
c:\users\tnest\onedrive\바탕 화면\쥬신\디폴트윈도우\defaultwindow\x64\debug\defaultwindow.tlog\link.secondary.1.tlog
c:\users\tnest\onedrive\바탕 화면\쥬신\디폴트윈도우\defaultwindow\x64\debug\defaultwindow.tlog\link.write.1.tlog
c:\users\tnest\onedrive\바탕 화면\쥬신\디폴트윈도우\defaultwindow\x64\debug\defaultwindow.tlog\rc.command.1.tlog
c:\users\tnest\onedrive\바탕 화면\쥬신\디폴트윈도우\defaultwindow\x64\debug\defaultwindow.tlog\rc.read.1.tlog
c:\users\tnest\onedrive\바탕 화면\쥬신\디폴트윈도우\defaultwindow\x64\debug\defaultwindow.tlog\rc.write.1.tlog
